<?xml version="1.0" encoding="UTF-8"?>
<!-- Generated by org.testng.reporters.JUnitReportReporter -->
<testsuite hostname="DESKTOP-FSPHPC9" failures="0" tests="2" name="Demo.CarLoan" time="0.114" errors="0" timestamp="2021-01-18T22:55:59 SAST" skipped="0">
  <testcase classname="Demo.CarLoan" name="webCarLoan" time="0.002"/>
  <system-out/>
  <testcase classname="Demo.CarLoan" name="apiCarLoan" time="0.112"/>
  <system-out/>
</testsuite> <!-- Demo.CarLoan -->
