<?xml version="1.0" encoding="UTF-8"?>
<!-- Generated by org.testng.reporters.JUnitReportReporter -->
<testsuite hostname="DESKTOP-FSPHPC9" failures="0" tests="1" name="Demo.PersonalLoan" time="0.003" errors="0" timestamp="2021-01-18T10:32:27 SAST" skipped="0">
  <testcase classname="Demo.PersonalLoan" name="webPersonalLoan" time="0.003"/>
  <system-out/>
</testsuite> <!-- Demo.PersonalLoan -->
