<?xml version="1.0" encoding="UTF-8"?>
<!-- Generated by org.testng.reporters.JUnitReportReporter -->
<testsuite hostname="DESKTOP-FSPHPC9" failures="0" tests="3" name="Demo.HomeLoan" time="0.056" errors="0" timestamp="2021-01-18T22:55:59 SAST" skipped="0">
  <testcase classname="Demo.HomeLoan" name="webHomeLoan" time="0.003"/>
  <system-out/>
  <testcase classname="Demo.HomeLoan" name="mobileHomeLoan" time="0.047"/>
  <system-out/>
  <testcase classname="Demo.HomeLoan" name="apiHomeLoan" time="0.006"/>
  <system-out/>
</testsuite> <!-- Demo.HomeLoan -->
