<?xml version="1.0" encoding="UTF-8"?>
<!-- Generated by org.testng.reporters.JUnitReportReporter -->
<testsuite hostname="DESKTOP-FSPHPC9" failures="0" tests="4" name="Demo.Basic" time="0.045" errors="0" timestamp="2021-01-18T22:55:59 SAST" skipped="0">
  <testcase classname="Demo.Basic" name="Demo" time="0.030"/>
  <system-out/>
  <testcase classname="Demo.Basic" name="PracticeDataProviderAnnotation" time="0.003"/>
  <system-out/>
  <testcase classname="Demo.Basic" name="PracticeDataProviderAnnotation" time="0.005"/>
  <system-out/>
  <testcase classname="Demo.Basic" name="PracticeDataProviderAnnotation" time="0.007"/>
  <system-out/>
</testsuite> <!-- Demo.Basic -->
