<?xml version="1.0" encoding="UTF-8"?>
<!-- Generated by org.testng.reporters.JUnitReportReporter -->
<testsuite hostname="DESKTOP-FSPHPC9" failures="0" tests="5" name="Demo.Banking" time="0.022" errors="0" timestamp="2021-01-18T22:55:59 SAST" skipped="1">
  <testcase classname="Demo.Banking" name="personalB" time="0.001"/>
  <system-out/>
  <testcase classname="Demo.Banking" name="personalC" time="0.002"/>
  <system-out/>
  <testcase classname="Demo.Banking" name="HomeB" time="0.014"/>
  <system-out/>
  <testcase classname="Demo.Banking" name="HomeC" time="0.005"/>
  <system-out/>
  <testcase classname="Demo.Banking" name="personalA">
    <skipped/>
  </testcase> <!-- personalA -->
  <system-out/>
</testsuite> <!-- Demo.Banking -->
